2025-04-26 22:50:21,287 - automationLogger - INFO - Opening Edge Browser
2025-04-26 22:50:31,176 - automationLogger - INFO - ===== STARTING TEST: Search Flight and Apply Filters =====
2025-04-26 22:50:31,176 - automationLogger - INFO - Step 1: Selecting departure city 'Dubai'
2025-04-26 22:50:34,935 - automationLogger - INFO - Step 2: Selecting destination city 'Hyderabad'
2025-04-26 22:50:37,840 - automationLogger - INFO - Step 3: Selecting departure date
2025-04-26 22:50:38,640 - automationLogger - INFO - Step 4: Clicking on 'Search Flights'
2025-04-26 22:50:42,105 - automationLogger - INFO - Step 5: Scrolling the page to load results
2025-04-26 22:51:16,396 - automationLogger - INFO - Step 6: Applying '1 Stop' filter
2025-04-26 22:51:16,727 - automationLogger - WARNING - 1 Stop Filtered
2025-04-26 22:51:18,741 - automationLogger - INFO - Step 7: Validating all filtered flights
2025-04-26 22:51:18,773 - automationLogger - INFO - Total number of flights in the search flight page is 43
2025-04-26 22:51:18,773 - automationLogger - INFO - ===== TEST COMPLETED SUCCESSFULLY =====
2025-04-26 22:51:23,782 - automationLogger - INFO - Closing the browser
2025-05-28 22:20:29,211 - automationLogger - INFO - Opening Edge Browser
2025-05-28 22:20:42,801 - automationLogger - INFO - ===== STARTING TEST: Search Flight and Apply Filters =====
2025-05-28 22:20:42,802 - automationLogger - INFO - Step 1: Selecting departure city 'Dubai'
2025-05-28 22:20:58,593 - automationLogger - INFO - Closing the browser
2025-05-31 21:41:37,394 - automationLogger - INFO - Opening Edge Browser
2025-05-31 21:41:45,908 - automationLogger - INFO - ===== STARTING TEST: Search Flight and Apply Filters =====
2025-05-31 21:41:45,908 - automationLogger - INFO - Step 1: Selecting departure city 'Dubai'
2025-05-31 21:41:49,156 - automationLogger - INFO - Step 2: Selecting destination city 'Hyderabad'
2025-05-31 21:41:52,350 - automationLogger - INFO - Step 3: Selecting departure date
2025-05-31 21:41:52,854 - automationLogger - INFO - Step 4: Clicking on 'Search Flights'
2025-05-31 21:41:56,382 - automationLogger - INFO - Step 5: Scrolling the page to load results
2025-05-31 21:42:20,630 - automationLogger - INFO - Step 6: Applying '1 Stop' filter
2025-05-31 21:42:20,890 - automationLogger - WARNING - 1 Stop Filtered
2025-05-31 21:42:22,902 - automationLogger - INFO - Step 7: Validating all filtered flights
2025-05-31 21:42:22,993 - automationLogger - INFO - Total number of flights in the search flight page is 39
2025-05-31 21:42:23,000 - automationLogger - INFO - ===== TEST COMPLETED SUCCESSFULLY =====
2025-05-31 21:42:23,000 - automationLogger - INFO - ******* ============================ *******
2025-05-31 21:42:28,020 - automationLogger - INFO - Closing the browser
2025-05-31 21:42:59,358 - automationLogger - INFO - Opening Chrome Browser
2025-05-31 21:43:13,878 - automationLogger - INFO - ===== STARTING TEST: Search Flight and Apply Filters =====
2025-05-31 21:43:13,878 - automationLogger - INFO - Step 1: Selecting departure city 'Dubai'
2025-05-31 21:43:17,166 - automationLogger - INFO - Step 2: Selecting destination city 'Hyderabad'
2025-05-31 21:43:20,187 - automationLogger - INFO - Step 3: Selecting departure date
2025-05-31 21:43:20,815 - automationLogger - INFO - Step 4: Clicking on 'Search Flights'
2025-05-31 21:43:25,113 - automationLogger - INFO - Step 5: Scrolling the page to load results
2025-05-31 21:43:49,409 - automationLogger - INFO - Step 6: Applying '1 Stop' filter
2025-05-31 21:43:49,699 - automationLogger - WARNING - 1 Stop Filtered
2025-05-31 21:43:51,706 - automationLogger - INFO - Step 7: Validating all filtered flights
2025-05-31 21:43:51,722 - automationLogger - INFO - Total number of flights in the search flight page is 39
2025-05-31 21:43:51,735 - automationLogger - INFO - ===== TEST COMPLETED SUCCESSFULLY =====
2025-05-31 21:43:51,735 - automationLogger - INFO - ******* ============================ *******
2025-05-31 21:43:56,742 - automationLogger - INFO - Closing the browser
